19:33:59 **** Build of configuration Nios II for project D8M_Camera_Test ****
make all 
Info: Building ../D8M_Camera_Test_bsp/
B:/Programs/Quartus18.1/nios2eds/bin/gnu/H-x86_64-mingw32/bin/make --no-print-directory -C ../D8M_Camera_Test_bsp/
[BSP build complete]
Info: Compiling I2C_core.c to obj/default/I2C_core.o
nios2-elf-gcc -xc -MP -MMD -c -I../D8M_Camera_Test_bsp//HAL/inc -I../D8M_Camera_Test_bsp/ -I../D8M_Camera_Test_bsp//drivers/inc  -pipe -D__hal__ -DALT_NO_INSTRUCTION_EMULATION -DALT_SINGLE_THREADED    -O0 -g -Wall   -mno-hw-div -mhw-mul -mno-hw-mulx -mgpopt=local  -o obj/default/I2C_core.o I2C_core.c
I2C_core.c: In function 'oc_i2c_uninit':
I2C_core.c:146:15: warning: unknown escape sequence: '\I'
        printf("\I2C core is failed to disable! \r\n");
               ^
I2C_core.c: In function 'OC_I2CL_Read':
I2C_core.c:612:22: warning: unused variable 'DataLow' [-Wunused-variable]
     alt_u8 DataHigh, DataLow;
                      ^
I2C_core.c:612:12: warning: unused variable 'DataHigh' [-Wunused-variable]
     alt_u8 DataHigh, DataLow;
            ^
Info: Compiling auto_focus.c to obj/default/auto_focus.o
nios2-elf-gcc -xc -MP -MMD -c -I../D8M_Camera_Test_bsp//HAL/inc -I../D8M_Camera_Test_bsp/ -I../D8M_Camera_Test_bsp//drivers/inc  -pipe -D__hal__ -DALT_NO_INSTRUCTION_EMULATION -DALT_SINGLE_THREADED    -O0 -g -Wall   -mno-hw-div -mhw-mul -mno-hw-mulx -mgpopt=local  -o obj/default/auto_focus.o auto_focus.c
auto_focus.c: In function 'Focus_Window':
auto_focus.c:80:11: warning: 'end_focus' may be used uninitialized in this function [-Wmaybe-uninitialized]
    return end_focus;
           ^
Info: Compiling main.c to obj/default/main.o
nios2-elf-gcc -xc -MP -MMD -c -I../D8M_Camera_Test_bsp//HAL/inc -I../D8M_Camera_Test_bsp/ -I../D8M_Camera_Test_bsp//drivers/inc  -pipe -D__hal__ -DALT_NO_INSTRUCTION_EMULATION -DALT_SINGLE_THREADED    -O0 -g -Wall   -mno-hw-div -mhw-mul -mno-hw-mulx -mgpopt=local  -o obj/default/main.o main.c
main.c: In function 'main':
main.c:364:12: warning: unused variable 'distance2' [-Wunused-variable]
     double distance2 = 3.909e6 / (distance_raw + 2.436e4);
            ^
main.c:363:12: warning: unused variable 'distance' [-Wunused-variable]
     double distance = (p1 * center_y + p2) / (center_y + q1);
            ^
main.c:347:17: warning: unused variable 'color' [-Wunused-variable]
    unsigned int color = (word >> 24) & 0xFF;
                 ^
main.c:251:6: warning: unused variable 'boundingBoxColour' [-Wunused-variable]
  int boundingBoxColour = 0;
      ^
main.c:250:10: warning: variable 'current_focus' set but not used [-Wunused-but-set-variable]
  alt_u16 current_focus = 300;
          ^
main.c:249:9: warning: unused variable 'manual_focus_step' [-Wunused-variable]
  alt_u8 manual_focus_step = 10;
         ^
Info: Compiling mipi_bridge_config.c to obj/default/mipi_bridge_config.o
nios2-elf-gcc -xc -MP -MMD -c -I../D8M_Camera_Test_bsp//HAL/inc -I../D8M_Camera_Test_bsp/ -I../D8M_Camera_Test_bsp//drivers/inc  -pipe -D__hal__ -DALT_NO_INSTRUCTION_EMULATION -DALT_SINGLE_THREADED    -O0 -g -Wall   -mno-hw-div -mhw-mul -mno-hw-mulx -mgpopt=local  -o obj/default/mipi_bridge_config.o mipi_bridge_config.c
Info: Compiling mipi_camera_config.c to obj/default/mipi_camera_config.o
nios2-elf-gcc -xc -MP -MMD -c -I../D8M_Camera_Test_bsp//HAL/inc -I../D8M_Camera_Test_bsp/ -I../D8M_Camera_Test_bsp//drivers/inc  -pipe -D__hal__ -DALT_NO_INSTRUCTION_EMULATION -DALT_SINGLE_THREADED    -O0 -g -Wall   -mno-hw-div -mhw-mul -mno-hw-mulx -mgpopt=local  -o obj/default/mipi_camera_config.o mipi_camera_config.c
Info: Compiling queue.c to obj/default/queue.o
nios2-elf-gcc -xc -MP -MMD -c -I../D8M_Camera_Test_bsp//HAL/inc -I../D8M_Camera_Test_bsp/ -I../D8M_Camera_Test_bsp//drivers/inc  -pipe -D__hal__ -DALT_NO_INSTRUCTION_EMULATION -DALT_SINGLE_THREADED    -O0 -g -Wall   -mno-hw-div -mhw-mul -mno-hw-mulx -mgpopt=local  -o obj/default/queue.o queue.c
Info: Linking D8M_Camera_Test.elf
nios2-elf-g++  -T'../D8M_Camera_Test_bsp//linker.x' -msys-crt0='../D8M_Camera_Test_bsp//obj/HAL/src/crt0.o' -msys-lib=hal_bsp -L../D8M_Camera_Test_bsp/   -Wl,-Map=D8M_Camera_Test.map   -O0 -g -Wall   -mno-hw-div -mhw-mul -mno-hw-mulx -mgpopt=local  -o D8M_Camera_Test.elf obj/default/I2C_core.o obj/default/auto_focus.o obj/default/main.o obj/default/mipi_bridge_config.o obj/default/mipi_camera_config.o obj/default/queue.o -lm -msys-lib=m
nios2-elf-insert D8M_Camera_Test.elf --thread_model hal --cpu_name nios2_gen2 --qsys true --simulation_enabled false --id 0 --sidp 0x410e0 --timestamp 1655822945 --stderr_dev jtag_uart --stdin_dev jtag_uart --stdout_dev jtag_uart --sopc_system_name Qsys --quartus_project_dir "B:/E2_CAS/Topsecerete/DE10_LITE_D8M_VIP_16" --jdi ../..//output_files/DE10_LITE_D8M_VIP.jdi --sopcinfo B:/E2_CAS/Topsecerete/DE10_LITE_D8M_VIP_16/software/D8M_Camera_Test_bsp/../../Qsys.sopcinfo
Info: (D8M_Camera_Test.elf) 89 KBytes program size (code + initialized data).
Info:                       29 KBytes free for stack + heap.
Info: Creating D8M_Camera_Test.objdump
nios2-elf-objdump --disassemble --syms --all-header --source D8M_Camera_Test.elf >D8M_Camera_Test.objdump
[D8M_Camera_Test build complete]
19:34:07 **** Incremental Build of configuration Nios II for project D8M_Camera_Test ****
make all 
Info: Building ../D8M_Camera_Test_bsp/
B:/Programs/Quartus18.1/nios2eds/bin/gnu/H-x86_64-mingw32/bin/make --no-print-directory -C ../D8M_Camera_Test_bsp/
[BSP build complete]
[D8M_Camera_Test build complete]
19:37:27 **** Incremental Build of configuration Nios II for project D8M_Camera_Test ****
make all 
Info: Building ../D8M_Camera_Test_bsp/
B:/Programs/Quartus18.1/nios2eds/bin/gnu/H-x86_64-mingw32/bin/make --no-print-directory -C ../D8M_Camera_Test_bsp/
[BSP build complete]
[D8M_Camera_Test build complete]
19:44:40 **** Incremental Build of configuration Nios II for project D8M_Camera_Test ****
make all 
Info: Building ../D8M_Camera_Test_bsp/
B:/Programs/Quartus18.1/nios2eds/bin/gnu/H-x86_64-mingw32/bin/make --no-print-directory -C ../D8M_Camera_Test_bsp/
[BSP build complete]
Info: Compiling main.c to obj/default/main.o
nios2-elf-gcc -xc -MP -MMD -c -I../D8M_Camera_Test_bsp//HAL/inc -I../D8M_Camera_Test_bsp/ -I../D8M_Camera_Test_bsp//drivers/inc  -pipe -D__hal__ -DALT_NO_INSTRUCTION_EMULATION -DALT_SINGLE_THREADED    -O0 -g -Wall   -mno-hw-div -mhw-mul -mno-hw-mulx -mgpopt=local  -o obj/default/main.o main.c
main.c: In function 'main':
main.c:364:12: warning: unused variable 'distance2' [-Wunused-variable]
     double distance2 = 3.909e6 / (distance_raw + 2.436e4);
            ^
main.c:363:12: warning: unused variable 'distance' [-Wunused-variable]
     double distance = (p1 * center_y + p2) / (center_y + q1);
            ^
main.c:347:17: warning: unused variable 'color' [-Wunused-variable]
    unsigned int color = (word >> 24) & 0xFF;
                 ^
main.c:251:6: warning: unused variable 'boundingBoxColour' [-Wunused-variable]
  int boundingBoxColour = 0;
      ^
main.c:250:10: warning: variable 'current_focus' set but not used [-Wunused-but-set-variable]
  alt_u16 current_focus = 300;
          ^
main.c:249:9: warning: unused variable 'manual_focus_step' [-Wunused-variable]
  alt_u8 manual_focus_step = 10;
         ^
Info: Linking D8M_Camera_Test.elf
nios2-elf-g++  -T'../D8M_Camera_Test_bsp//linker.x' -msys-crt0='../D8M_Camera_Test_bsp//obj/HAL/src/crt0.o' -msys-lib=hal_bsp -L../D8M_Camera_Test_bsp/   -Wl,-Map=D8M_Camera_Test.map   -O0 -g -Wall   -mno-hw-div -mhw-mul -mno-hw-mulx -mgpopt=local  -o D8M_Camera_Test.elf obj/default/I2C_core.o obj/default/auto_focus.o obj/default/main.o obj/default/mipi_bridge_config.o obj/default/mipi_camera_config.o obj/default/queue.o -lm -msys-lib=m
nios2-elf-insert D8M_Camera_Test.elf --thread_model hal --cpu_name nios2_gen2 --qsys true --simulation_enabled false --id 0 --sidp 0x410e0 --timestamp 1655822945 --stderr_dev jtag_uart --stdin_dev jtag_uart --stdout_dev jtag_uart --sopc_system_name Qsys --quartus_project_dir "B:/E2_CAS/Topsecerete/DE10_LITE_D8M_VIP_16" --jdi ../..//output_files/DE10_LITE_D8M_VIP.jdi --sopcinfo B:/E2_CAS/Topsecerete/DE10_LITE_D8M_VIP_16/software/D8M_Camera_Test_bsp/../../Qsys.sopcinfo
Info: (D8M_Camera_Test.elf) 89 KBytes program size (code + initialized data).
Info:                       29 KBytes free for stack + heap.
Info: Creating D8M_Camera_Test.objdump
nios2-elf-objdump --disassemble --syms --all-header --source D8M_Camera_Test.elf >D8M_Camera_Test.objdump
[D8M_Camera_Test build complete]
19:45:22 **** Incremental Build of configuration Nios II for project D8M_Camera_Test ****
make all 
Info: Building ../D8M_Camera_Test_bsp/
B:/Programs/Quartus18.1/nios2eds/bin/gnu/H-x86_64-mingw32/bin/make --no-print-directory -C ../D8M_Camera_Test_bsp/
[BSP build complete]
Info: Compiling main.c to obj/default/main.o
nios2-elf-gcc -xc -MP -MMD -c -I../D8M_Camera_Test_bsp//HAL/inc -I../D8M_Camera_Test_bsp/ -I../D8M_Camera_Test_bsp//drivers/inc  -pipe -D__hal__ -DALT_NO_INSTRUCTION_EMULATION -DALT_SINGLE_THREADED    -O0 -g -Wall   -mno-hw-div -mhw-mul -mno-hw-mulx -mgpopt=local  -o obj/default/main.o main.c
main.c: In function 'main':
main.c:364:12: warning: unused variable 'distance2' [-Wunused-variable]
     double distance2 = 3.909e6 / (distance_raw + 2.436e4);
            ^
main.c:363:12: warning: unused variable 'distance' [-Wunused-variable]
     double distance = (p1 * center_y + p2) / (center_y + q1);
            ^
main.c:347:17: warning: unused variable 'color' [-Wunused-variable]
    unsigned int color = (word >> 24) & 0xFF;
                 ^
main.c:251:6: warning: unused variable 'boundingBoxColour' [-Wunused-variable]
  int boundingBoxColour = 0;
      ^
main.c:250:10: warning: variable 'current_focus' set but not used [-Wunused-but-set-variable]
  alt_u16 current_focus = 300;
          ^
main.c:249:9: warning: unused variable 'manual_focus_step' [-Wunused-variable]
  alt_u8 manual_focus_step = 10;
         ^
Info: Linking D8M_Camera_Test.elf
nios2-elf-g++  -T'../D8M_Camera_Test_bsp//linker.x' -msys-crt0='../D8M_Camera_Test_bsp//obj/HAL/src/crt0.o' -msys-lib=hal_bsp -L../D8M_Camera_Test_bsp/   -Wl,-Map=D8M_Camera_Test.map   -O0 -g -Wall   -mno-hw-div -mhw-mul -mno-hw-mulx -mgpopt=local  -o D8M_Camera_Test.elf obj/default/I2C_core.o obj/default/auto_focus.o obj/default/main.o obj/default/mipi_bridge_config.o obj/default/mipi_camera_config.o obj/default/queue.o -lm -msys-lib=m
nios2-elf-insert D8M_Camera_Test.elf --thread_model hal --cpu_name nios2_gen2 --qsys true --simulation_enabled false --id 0 --sidp 0x410e0 --timestamp 1655822945 --stderr_dev jtag_uart --stdin_dev jtag_uart --stdout_dev jtag_uart --sopc_system_name Qsys --quartus_project_dir "B:/E2_CAS/Topsecerete/DE10_LITE_D8M_VIP_16" --jdi ../..//output_files/DE10_LITE_D8M_VIP.jdi --sopcinfo B:/E2_CAS/Topsecerete/DE10_LITE_D8M_VIP_16/software/D8M_Camera_Test_bsp/../../Qsys.sopcinfo
Info: (D8M_Camera_Test.elf) 89 KBytes program size (code + initialized data).
Info:                       29 KBytes free for stack + heap.
Info: Creating D8M_Camera_Test.objdump
nios2-elf-objdump --disassemble --syms --all-header --source D8M_Camera_Test.elf >D8M_Camera_Test.objdump
[D8M_Camera_Test build complete]
20:49:12 **** Incremental Build of configuration Nios II for project D8M_Camera_Test ****
make all 
Info: Building ../D8M_Camera_Test_bsp/
B:/Programs/Quartus18.1/nios2eds/bin/gnu/H-x86_64-mingw32/bin/make --no-print-directory -C ../D8M_Camera_Test_bsp/
[BSP build complete]
[D8M_Camera_Test build complete]
21:40:07 **** Incremental Build of configuration Nios II for project D8M_Camera_Test ****
make all 
Info: Building ../D8M_Camera_Test_bsp/
B:/Programs/Quartus18.1/nios2eds/bin/gnu/H-x86_64-mingw32/bin/make --no-print-directory -C ../D8M_Camera_Test_bsp/
Makefile not up to date.
../../Qsys.sopcinfo has been modified since the BSP was generated.

Generate the BSP to update the Makefile, and then build again.

To generate from Eclipse:
 1. Right-click the BSP project.
 2. In the Nios II Menu, click Generate BSP.

To generate from the command line:
 nios2-bsp-generate-files --settings=<settings file> --bsp-dir=<target bsp files directory>

make[1]: *** [public.mk] Error 1
make: *** [../D8M_Camera_Test_bsp/-recurs-make-lib] Error 2
21:42:58 **** Incremental Build of configuration Nios II for project D8M_Camera_Test ****
make all 
Info: Building ../D8M_Camera_Test_bsp/
B:/Programs/Quartus18.1/nios2eds/bin/gnu/H-x86_64-mingw32/bin/make --no-print-directory -C ../D8M_Camera_Test_bsp/
Makefile not up to date.
../../Qsys.sopcinfo has been modified since the BSP was generated.

Generate the BSP to update the Makefile, and then build again.

To generate from Eclipse:
 1. Right-click the BSP project.
 2. In the Nios II Menu, click Generate BSP.

To generate from the command line:
 nios2-bsp-generate-files --settings=<settings file> --bsp-dir=<target bsp files directory>

make[1]: *** [public.mk] Error 1
make: *** [../D8M_Camera_Test_bsp/-recurs-make-lib] Error 2
21:43:21 **** Incremental Build of configuration Nios II for project D8M_Camera_Test ****
make all 
Info: Building ../D8M_Camera_Test_bsp/
B:/Programs/Quartus18.1/nios2eds/bin/gnu/H-x86_64-mingw32/bin/make --no-print-directory -C ../D8M_Camera_Test_bsp/
Makefile not up to date.
../../Qsys.sopcinfo has been modified since the BSP was generated.

Generate the BSP to update the Makefile, and then build again.

To generate from Eclipse:
 1. Right-click the BSP project.
 2. In the Nios II Menu, click Generate BSP.

To generate from the command line:
 nios2-bsp-generate-files --settings=<settings file> --bsp-dir=<target bsp files directory>

make[1]: *** [public.mk] Error 1
make: *** [../D8M_Camera_Test_bsp/-recurs-make-lib] Error 2
21:49:49 **** Incremental Build of configuration Nios II for project D8M_Camera_Test ****
make all 
Info: Building ../D8M_Camera_Test_bsp/
B:/Programs/Quartus18.1/nios2eds/bin/gnu/H-x86_64-mingw32/bin/make --no-print-directory -C ../D8M_Camera_Test_bsp/
Makefile not up to date.
../../Qsys.sopcinfo has been modified since the BSP was generated.

Generate the BSP to update the Makefile, and then build again.

To generate from Eclipse:
 1. Right-click the BSP project.
 2. In the Nios II Menu, click Generate BSP.

To generate from the command line:
 nios2-bsp-generate-files --settings=<settings file> --bsp-dir=<target bsp files directory>

make[1]: *** [public.mk] Error 1
make: *** [../D8M_Camera_Test_bsp/-recurs-make-lib] Error 2
22:06:08 **** Incremental Build of configuration Nios II for project D8M_Camera_Test ****
make all 
Info: Building ../D8M_Camera_Test_bsp/
B:/Programs/Quartus18.1/nios2eds/bin/gnu/H-x86_64-mingw32/bin/make --no-print-directory -C ../D8M_Camera_Test_bsp/
Makefile not up to date.
../../Qsys.sopcinfo has been modified since the BSP was generated.

Generate the BSP to update the Makefile, and then build again.

To generate from Eclipse:
 1. Right-click the BSP project.
 2. In the Nios II Menu, click Generate BSP.

To generate from the command line:
 nios2-bsp-generate-files --settings=<settings file> --bsp-dir=<target bsp files directory>

make[1]: *** [public.mk] Error 1
make: *** [../D8M_Camera_Test_bsp/-recurs-make-lib] Error 2
22:13:29 **** Incremental Build of configuration Nios II for project D8M_Camera_Test ****
make all 
Info: Building ../D8M_Camera_Test_bsp/
B:/Programs/Quartus18.1/nios2eds/bin/gnu/H-x86_64-mingw32/bin/make --no-print-directory -C ../D8M_Camera_Test_bsp/
Makefile not up to date.
../../Qsys.sopcinfo has been modified since the BSP was generated.

Generate the BSP to update the Makefile, and then build again.

To generate from Eclipse:
 1. Right-click the BSP project.
 2. In the Nios II Menu, click Generate BSP.

To generate from the command line:
 nios2-bsp-generate-files --settings=<settings file> --bsp-dir=<target bsp files directory>

make[1]: *** [public.mk] Error 1
make: *** [../D8M_Camera_Test_bsp/-recurs-make-lib] Error 2
09:38:32 **** Incremental Build of configuration Nios II for project D8M_Camera_Test ****
make all 
Info: Building ../D8M_Camera_Test_bsp/
B:/Programs/Quartus18.1/nios2eds/bin/gnu/H-x86_64-mingw32/bin/make --no-print-directory -C ../D8M_Camera_Test_bsp/
Makefile not up to date.
../../Qsys.sopcinfo has been modified since the BSP was generated.

Generate the BSP to update the Makefile, and then build again.

To generate from Eclipse:
 1. Right-click the BSP project.
 2. In the Nios II Menu, click Generate BSP.

To generate from the command line:
 nios2-bsp-generate-files --settings=<settings file> --bsp-dir=<target bsp files directory>

make[1]: *** [public.mk] Error 1
make: *** [../D8M_Camera_Test_bsp/-recurs-make-lib] Error 2
09:39:51 **** Incremental Build of configuration Nios II for project D8M_Camera_Test ****
make all 
Info: Building ../D8M_Camera_Test_bsp/
B:/Programs/Quartus18.1/nios2eds/bin/gnu/H-x86_64-mingw32/bin/make --no-print-directory -C ../D8M_Camera_Test_bsp/
Makefile not up to date.
../../Qsys.sopcinfo has been modified since the BSP was generated.

Generate the BSP to update the Makefile, and then build again.

To generate from Eclipse:
 1. Right-click the BSP project.
 2. In the Nios II Menu, click Generate BSP.

To generate from the command line:
 nios2-bsp-generate-files --settings=<settings file> --bsp-dir=<target bsp files directory>

make[1]: *** [public.mk] Error 1
make: *** [../D8M_Camera_Test_bsp/-recurs-make-lib] Error 2
10:16:20 **** Incremental Build of configuration Nios II for project D8M_Camera_Test ****
make all 
Info: Building ../D8M_Camera_Test_bsp/
B:/Programs/Quartus18.1/nios2eds/bin/gnu/H-x86_64-mingw32/bin/make --no-print-directory -C ../D8M_Camera_Test_bsp/
Makefile not up to date.
../../Qsys.sopcinfo has been modified since the BSP was generated.

Generate the BSP to update the Makefile, and then build again.

To generate from Eclipse:
 1. Right-click the BSP project.
 2. In the Nios II Menu, click Generate BSP.

To generate from the command line:
 nios2-bsp-generate-files --settings=<settings file> --bsp-dir=<target bsp files directory>

make[1]: *** [public.mk] Error 1
make: *** [../D8M_Camera_Test_bsp/-recurs-make-lib] Error 2
12:22:35 **** Incremental Build of configuration Nios II for project D8M_Camera_Test ****
make all 
Info: Building ../D8M_Camera_Test_bsp/
B:/Programs/Quartus18.1/nios2eds/bin/gnu/H-x86_64-mingw32/bin/make --no-print-directory -C ../D8M_Camera_Test_bsp/
Makefile not up to date.
../../Qsys.sopcinfo has been modified since the BSP was generated.

Generate the BSP to update the Makefile, and then build again.

To generate from Eclipse:
 1. Right-click the BSP project.
 2. In the Nios II Menu, click Generate BSP.

To generate from the command line:
 nios2-bsp-generate-files --settings=<settings file> --bsp-dir=<target bsp files directory>

make[1]: *** [public.mk] Error 1
make: *** [../D8M_Camera_Test_bsp/-recurs-make-lib] Error 2
12:35:54 **** Incremental Build of configuration Nios II for project D8M_Camera_Test ****
make all 
Info: Building ../D8M_Camera_Test_bsp/
B:/Programs/Quartus18.1/nios2eds/bin/gnu/H-x86_64-mingw32/bin/make --no-print-directory -C ../D8M_Camera_Test_bsp/
Makefile not up to date.
../../Qsys.sopcinfo has been modified since the BSP was generated.

Generate the BSP to update the Makefile, and then build again.

To generate from Eclipse:
 1. Right-click the BSP project.
 2. In the Nios II Menu, click Generate BSP.

To generate from the command line:
 nios2-bsp-generate-files --settings=<settings file> --bsp-dir=<target bsp files directory>

make[1]: *** [public.mk] Error 1
make: *** [../D8M_Camera_Test_bsp/-recurs-make-lib] Error 2
12:38:22 **** Incremental Build of configuration Nios II for project D8M_Camera_Test ****
make all 
Info: Building ../D8M_Camera_Test_bsp/
B:/Programs/Quartus18.1/nios2eds/bin/gnu/H-x86_64-mingw32/bin/make --no-print-directory -C ../D8M_Camera_Test_bsp/
Makefile not up to date.
../../Qsys.sopcinfo has been modified since the BSP was generated.

Generate the BSP to update the Makefile, and then build again.

To generate from Eclipse:
 1. Right-click the BSP project.
 2. In the Nios II Menu, click Generate BSP.

To generate from the command line:
 nios2-bsp-generate-files --settings=<settings file> --bsp-dir=<target bsp files directory>

make[1]: *** [public.mk] Error 1
make: *** [../D8M_Camera_Test_bsp/-recurs-make-lib] Error 2
12:46:42 **** Incremental Build of configuration Nios II for project D8M_Camera_Test ****
make all 
Info: Building ../D8M_Camera_Test_bsp/
B:/Programs/Quartus18.1/nios2eds/bin/gnu/H-x86_64-mingw32/bin/make --no-print-directory -C ../D8M_Camera_Test_bsp/
Makefile not up to date.
../../Qsys.sopcinfo has been modified since the BSP was generated.

Generate the BSP to update the Makefile, and then build again.

To generate from Eclipse:
 1. Right-click the BSP project.
 2. In the Nios II Menu, click Generate BSP.

To generate from the command line:
 nios2-bsp-generate-files --settings=<settings file> --bsp-dir=<target bsp files directory>

make[1]: *** [public.mk] Error 1
make: *** [../D8M_Camera_Test_bsp/-recurs-make-lib] Error 2
13:48:33 **** Incremental Build of configuration Nios II for project D8M_Camera_Test ****
make all 
Info: Building ../D8M_Camera_Test_bsp/
B:/Programs/Quartus18.1/nios2eds/bin/gnu/H-x86_64-mingw32/bin/make --no-print-directory -C ../D8M_Camera_Test_bsp/
Makefile not up to date.
../../Qsys.sopcinfo has been modified since the BSP was generated.

Generate the BSP to update the Makefile, and then build again.

To generate from Eclipse:
 1. Right-click the BSP project.
 2. In the Nios II Menu, click Generate BSP.

To generate from the command line:
 nios2-bsp-generate-files --settings=<settings file> --bsp-dir=<target bsp files directory>

make[1]: *** [public.mk] Error 1
make: *** [../D8M_Camera_Test_bsp/-recurs-make-lib] Error 2
14:20:49 **** Incremental Build of configuration Nios II for project D8M_Camera_Test ****
make all 
Info: Building ../D8M_Camera_Test_bsp/
B:/Programs/Quartus18.1/nios2eds/bin/gnu/H-x86_64-mingw32/bin/make --no-print-directory -C ../D8M_Camera_Test_bsp/
Makefile not up to date.
../../Qsys.sopcinfo has been modified since the BSP was generated.

Generate the BSP to update the Makefile, and then build again.

To generate from Eclipse:
 1. Right-click the BSP project.
 2. In the Nios II Menu, click Generate BSP.

To generate from the command line:
 nios2-bsp-generate-files --settings=<settings file> --bsp-dir=<target bsp files directory>

make[1]: *** [public.mk] Error 1
make: *** [../D8M_Camera_Test_bsp/-recurs-make-lib] Error 2
14:54:03 **** Incremental Build of configuration Nios II for project D8M_Camera_Test ****
make all 
Info: Building ../D8M_Camera_Test_bsp/
B:/Programs/Quartus18.1/nios2eds/bin/gnu/H-x86_64-mingw32/bin/make --no-print-directory -C ../D8M_Camera_Test_bsp/
Makefile not up to date.
../../Qsys.sopcinfo has been modified since the BSP was generated.

Generate the BSP to update the Makefile, and then build again.

To generate from Eclipse:
 1. Right-click the BSP project.
 2. In the Nios II Menu, click Generate BSP.

To generate from the command line:
 nios2-bsp-generate-files --settings=<settings file> --bsp-dir=<target bsp files directory>

make[1]: *** [public.mk] Error 1
make: *** [../D8M_Camera_Test_bsp/-recurs-make-lib] Error 2
15:02:03 **** Incremental Build of configuration Nios II for project D8M_Camera_Test ****
make all 
Info: Building ../D8M_Camera_Test_bsp/
B:/Programs/Quartus18.1/nios2eds/bin/gnu/H-x86_64-mingw32/bin/make --no-print-directory -C ../D8M_Camera_Test_bsp/
Makefile not up to date.
../../Qsys.sopcinfo has been modified since the BSP was generated.

Generate the BSP to update the Makefile, and then build again.

To generate from Eclipse:
 1. Right-click the BSP project.
 2. In the Nios II Menu, click Generate BSP.

To generate from the command line:
 nios2-bsp-generate-files --settings=<settings file> --bsp-dir=<target bsp files directory>

make[1]: *** [public.mk] Error 1
make: *** [../D8M_Camera_Test_bsp/-recurs-make-lib] Error 2
15:22:58 **** Incremental Build of configuration Nios II for project D8M_Camera_Test ****
make all 
Info: Building ../D8M_Camera_Test_bsp/
B:/Programs/Quartus18.1/nios2eds/bin/gnu/H-x86_64-mingw32/bin/make --no-print-directory -C ../D8M_Camera_Test_bsp/
Makefile not up to date.
../../Qsys.sopcinfo has been modified since the BSP was generated.

Generate the BSP to update the Makefile, and then build again.

To generate from Eclipse:
 1. Right-click the BSP project.
 2. In the Nios II Menu, click Generate BSP.

To generate from the command line:
 nios2-bsp-generate-files --settings=<settings file> --bsp-dir=<target bsp files directory>

make[1]: *** [public.mk] Error 1
make: *** [../D8M_Camera_Test_bsp/-recurs-make-lib] Error 2
16:29:22 **** Incremental Build of configuration Nios II for project D8M_Camera_Test ****
make all 
Info: Building ../D8M_Camera_Test_bsp/
B:/Programs/Quartus18.1/nios2eds/bin/gnu/H-x86_64-mingw32/bin/make --no-print-directory -C ../D8M_Camera_Test_bsp/
Makefile not up to date.
../../Qsys.sopcinfo has been modified since the BSP was generated.

Generate the BSP to update the Makefile, and then build again.

To generate from Eclipse:
 1. Right-click the BSP project.
 2. In the Nios II Menu, click Generate BSP.

To generate from the command line:
 nios2-bsp-generate-files --settings=<settings file> --bsp-dir=<target bsp files directory>

make[1]: *** [public.mk] Error 1
make: *** [../D8M_Camera_Test_bsp/-recurs-make-lib] Error 2
16:39:39 **** Incremental Build of configuration Nios II for project D8M_Camera_Test ****
make all 
Info: Building ../D8M_Camera_Test_bsp/
B:/Programs/Quartus18.1/nios2eds/bin/gnu/H-x86_64-mingw32/bin/make --no-print-directory -C ../D8M_Camera_Test_bsp/
Makefile not up to date.
../../Qsys.sopcinfo has been modified since the BSP was generated.

Generate the BSP to update the Makefile, and then build again.

To generate from Eclipse:
 1. Right-click the BSP project.
 2. In the Nios II Menu, click Generate BSP.

To generate from the command line:
 nios2-bsp-generate-files --settings=<settings file> --bsp-dir=<target bsp files directory>

make[1]: *** [public.mk] Error 1
make: *** [../D8M_Camera_Test_bsp/-recurs-make-lib] Error 2
20:17:22 **** Incremental Build of configuration Nios II for project D8M_Camera_Test ****
make all 
Info: Building ../D8M_Camera_Test_bsp/
B:/Programs/Quartus18.1/nios2eds/bin/gnu/H-x86_64-mingw32/bin/make --no-print-directory -C ../D8M_Camera_Test_bsp/
Makefile not up to date.
../../Qsys.sopcinfo has been modified since the BSP was generated.

Generate the BSP to update the Makefile, and then build again.

To generate from Eclipse:
 1. Right-click the BSP project.
 2. In the Nios II Menu, click Generate BSP.

To generate from the command line:
 nios2-bsp-generate-files --settings=<settings file> --bsp-dir=<target bsp files directory>

make[1]: *** [public.mk] Error 1
make: *** [../D8M_Camera_Test_bsp/-recurs-make-lib] Error 2
18:05:03 **** Incremental Build of configuration Nios II for project D8M_Camera_Test ****
make all 
Info: Building ../D8M_Camera_Test_bsp/
B:/Programs/Quartus18.1/nios2eds/bin/gnu/H-x86_64-mingw32/bin/make --no-print-directory -C ../D8M_Camera_Test_bsp/
Makefile not up to date.
../../Qsys.sopcinfo has been modified since the BSP was generated.

Generate the BSP to update the Makefile, and then build again.

To generate from Eclipse:
 1. Right-click the BSP project.
 2. In the Nios II Menu, click Generate BSP.

To generate from the command line:
 nios2-bsp-generate-files --settings=<settings file> --bsp-dir=<target bsp files directory>

make[1]: *** [public.mk] Error 1
make: *** [../D8M_Camera_Test_bsp/-recurs-make-lib] Error 2
18:12:17 **** Incremental Build of configuration Nios II for project D8M_Camera_Test ****
make all 
Info: Building ../D8M_Camera_Test_bsp/
B:/Programs/Quartus18.1/nios2eds/bin/gnu/H-x86_64-mingw32/bin/make --no-print-directory -C ../D8M_Camera_Test_bsp/
Makefile not up to date.
../../Qsys.sopcinfo has been modified since the BSP was generated.

Generate the BSP to update the Makefile, and then build again.

To generate from Eclipse:
 1. Right-click the BSP project.
 2. In the Nios II Menu, click Generate BSP.

To generate from the command line:
 nios2-bsp-generate-files --settings=<settings file> --bsp-dir=<target bsp files directory>

make[1]: *** [public.mk] Error 1
make: *** [../D8M_Camera_Test_bsp/-recurs-make-lib] Error 2
18:18:01 **** Incremental Build of configuration Nios II for project D8M_Camera_Test ****
make all 
Info: Building ../D8M_Camera_Test_bsp/
B:/Programs/Quartus18.1/nios2eds/bin/gnu/H-x86_64-mingw32/bin/make --no-print-directory -C ../D8M_Camera_Test_bsp/
Makefile not up to date.
../../Qsys.sopcinfo has been modified since the BSP was generated.

Generate the BSP to update the Makefile, and then build again.

To generate from Eclipse:
 1. Right-click the BSP project.
 2. In the Nios II Menu, click Generate BSP.

To generate from the command line:
 nios2-bsp-generate-files --settings=<settings file> --bsp-dir=<target bsp files directory>

make[1]: *** [public.mk] Error 1
make: *** [../D8M_Camera_Test_bsp/-recurs-make-lib] Error 2
18:23:12 **** Incremental Build of configuration Nios II for project D8M_Camera_Test ****
make all 
Info: Building ../D8M_Camera_Test_bsp/
B:/Programs/Quartus18.1/nios2eds/bin/gnu/H-x86_64-mingw32/bin/make --no-print-directory -C ../D8M_Camera_Test_bsp/
Makefile not up to date.
../../Qsys.sopcinfo has been modified since the BSP was generated.

Generate the BSP to update the Makefile, and then build again.

To generate from Eclipse:
 1. Right-click the BSP project.
 2. In the Nios II Menu, click Generate BSP.

To generate from the command line:
 nios2-bsp-generate-files --settings=<settings file> --bsp-dir=<target bsp files directory>

make[1]: *** [public.mk] Error 1
make: *** [../D8M_Camera_Test_bsp/-recurs-make-lib] Error 2
18:35:50 **** Incremental Build of configuration Nios II for project D8M_Camera_Test ****
make all 
Info: Building ../D8M_Camera_Test_bsp/
B:/Programs/Quartus18.1/nios2eds/bin/gnu/H-x86_64-mingw32/bin/make --no-print-directory -C ../D8M_Camera_Test_bsp/
Makefile not up to date.
../../Qsys.sopcinfo has been modified since the BSP was generated.

Generate the BSP to update the Makefile, and then build again.

To generate from Eclipse:
 1. Right-click the BSP project.
 2. In the Nios II Menu, click Generate BSP.

To generate from the command line:
 nios2-bsp-generate-files --settings=<settings file> --bsp-dir=<target bsp files directory>

make[1]: *** [public.mk] Error 1
make: *** [../D8M_Camera_Test_bsp/-recurs-make-lib] Error 2
18:45:23 **** Incremental Build of configuration Nios II for project D8M_Camera_Test ****
make all 
Info: Building ../D8M_Camera_Test_bsp/
B:/Programs/Quartus18.1/nios2eds/bin/gnu/H-x86_64-mingw32/bin/make --no-print-directory -C ../D8M_Camera_Test_bsp/
Makefile not up to date.
../../Qsys.sopcinfo has been modified since the BSP was generated.

Generate the BSP to update the Makefile, and then build again.

To generate from Eclipse:
 1. Right-click the BSP project.
 2. In the Nios II Menu, click Generate BSP.

To generate from the command line:
 nios2-bsp-generate-files --settings=<settings file> --bsp-dir=<target bsp files directory>

make[1]: *** [public.mk] Error 1
make: *** [../D8M_Camera_Test_bsp/-recurs-make-lib] Error 2
